start -1
declare -1
id 6 0
integer -1
input -1
. -1
declare -1
id 3 0
integer -1
max-length -1
* -1
= -1
constant 5 0
auxiliary -1
. -1
declare -1
id 1 0
integer -1
auxiliary -1
* -1
= -1
constant 1 1
. -1
read -1
id 6 0
. -1
repeat -1
if -1
( -1
id 1 0
< -1
= -1
id 6 0
) -1
: -1
verify -1
( -1
id 6 0
mod -1
id 1 0
= -1
constant 0 0
) -1
: -1
case -1
true -1
: -1
append -1
id 3 0
value -1
( -1
id 1 0
) -1
. -1
case -1
false -1
: -1
pass -1
. -1
always -1
: -1
id 6 0
* -1
= -1
id 6 0
div -1
constant 1 2
. -1
show -1
id 3 0
. -1
end -1
